<testsuites tests="2" failures="0" errors="0" time="5.584099">
<testsuite tests="1" failures="0" time="0.048000" name="github.com/circle-makotom/hello-uname/handlers" timestamp="2022-11-18T05:21:11Z">
<properties>
<property name="go.version" value="go1.19.1 windows/amd64"/>
</properties>
<testcase classname="github.com/circle-makotom/hello-uname/handlers" name="TestGenResponse" time="0.000000"/>
</testsuite>
<testsuite tests="1" failures="0" time="0.066000" name="github.com/circle-makotom/hello-uname/uname" timestamp="2022-11-18T05:21:11Z">
<properties>
<property name="go.version" value="go1.19.1 windows/amd64"/>
</properties>
<testcase classname="github.com/circle-makotom/hello-uname/uname" name="TestGetUnameString" time="0.000000"/>
</testsuite>
</testsuites>
